2022-04-08 08:26:22,449 __main__ INFO:NEW EXECUTION
2022-04-08 08:26:22,456 googleapiclient.discovery_cache INFO:file_cache is only supported with oauth2client<4.0.0
2022-04-08 08:26:22,457 googleapiclient.discovery_cache INFO:file_cache is only supported with oauth2client<4.0.0
2022-04-08 08:26:22,460 googleapiclient.discovery DEBUG:URL being requested: GET https://www.googleapis.com/calendar/v3/users/me/calendarList?alt=json
2022-04-08 08:26:22,685 __main__ INFO:[{'id': 'vlpq1hipcvcop6d87o91qq96v8@group.calendar.google.com', 'summary': 'Trial'}, {'id': 'j.lo1713@gmail.com', 'summary': "Jason's Work Calendar"}, {'id': 'a1rh68hduhekpsaruuovsrsr0g@group.calendar.google.com', 'summary': "Jason's Church Calendar"}, {'id': '1gv2m38885js3ka81np9kikhls@group.calendar.google.com', 'summary': "Jason's Personal Calendar"}, {'id': '4uid021e96ehngt78gtsv36o7s@group.calendar.google.com', 'summary': "Joshua's Schedule"}, {'id': 'cru1a1a3n36vsum35ngm8tc4bc@group.calendar.google.com', 'summary': "Sarah's Schedule"}, {'id': 'io8uqtbpmoad8s3ufbjphvgdsl06k36i@import.calendar.google.com', 'summary': '15U Boys Markham Unity NEW'}, {'id': 'en.canadian#holiday@group.v.calendar.google.com', 'summary': 'Holidays in Canada'}, {'id': '4n663hteqboph92v933barddt6eguot7@import.calendar.google.com', 'summary': '181 Angus Glen Blvd, Markham'}, {'id': '5che6f166o0idnum7pa9f72sk0uqi5tl@import.calendar.google.com', 'summary': 'U13 DS-SMGH'}, {'id': 'n20guv6u1uho7rhnuvhj25nci91lhpvg@import.calendar.google.com', 'summary': 'http://www.ycdsb.ca/?plugin=all-in-one-event-calendar&controller=ai1ec_exporter_controller&action=export_events&no_html=true&ai1ec_cat_ids=5&&'}, {'id': '0frjpl08d72hetlk4ci2vioqms@group.calendar.google.com', 'summary': 'YRDSB Elementary Calendar'}]
2022-04-08 08:26:22,685 google_notion_sync.google_api.calendar WARNING:google_calendar_sync_events_list
2022-04-08 08:26:22,690 googleapiclient.discovery DEBUG:URL being requested: GET https://www.googleapis.com/drive/v3/files/1CUnza2pnuMRUMmu6JFgDxYwJqx4HuVQN?alt=media
2022-04-08 08:26:23,090 google_notion_sync.google_api.drive INFO:Download 100%.
2022-04-08 08:26:23,091 google_notion_sync.google_api.calendar INFO:sync_tokens: {'rof495igi40rd3a94en4ksm38gpn3d2a@import.calendar.google.com': 'CIjFs5n4-PYCEIjFs5n4-PYCGAEgo5b00AE=', 'j.lo1713@gmail.com': 'CJivntyH_vYCEJivntyH_vYCGAUgzrWs0QE=', 'a1rh68hduhekpsaruuovsrsr0g@group.calendar.google.com': 'CMCW1_Gt3fUCEMCW1_Gt3fUCGAUgo5b00AE=', '1gv2m38885js3ka81np9kikhls@group.calendar.google.com': 'CODE7omG3_YCEODE7omG3_YCGAUgo5b00AE=', '4uid021e96ehngt78gtsv36o7s@group.calendar.google.com': 'CPi_08qsgvYCEPi_08qsgvYCGAUgo5b00AE=', 'cru1a1a3n36vsum35ngm8tc4bc@group.calendar.google.com': 'CPD6ksG54fUCEPD6ksG54fUCGAUgo5b00AE=', 'io8uqtbpmoad8s3ufbjphvgdsl06k36i@import.calendar.google.com': 'CIC7kKDzgPcCEIC7kKDzgPcCGAEgo5b00AE=', 'en.canadian#holiday@group.v.calendar.google.com': 'CMCDibve_vYCEJivntyH_vYCGAEgo5b00AE=', '4n663hteqboph92v933barddt6eguot7@import.calendar.google.com': 'CPiMhKOj_PYCEPiMhKOj_PYCGAEgzrWs0QE=', '5che6f166o0idnum7pa9f72sk0uqi5tl@import.calendar.google.com': 'CIDAvLKygfcCEIDAvLKygfcCGAEgo5b00AE=', 'n20guv6u1uho7rhnuvhj25nci91lhpvg@import.calendar.google.com': 'CIjs07P5gfcCEIjs07P5gfcCGAEgzrWs0QE=', '0frjpl08d72hetlk4ci2vioqms@group.calendar.google.com': 'COivwO7JsvYCEOivwO7JsvYCGAEgo5b00AE=', 'vlpq1hipcvcop6d87o91qq96v8@group.calendar.google.com': 'CKjfoom7hPcCEKjfoom7hPcCGAUgzrWs0QE='}
2022-04-08 08:26:23,091 google_notion_sync.google_api.calendar INFO:not resync
2022-04-08 08:26:23,091 google_notion_sync.google_api.calendar INFO:Performing incremental sync.
2022-04-08 08:26:23,091 google_notion_sync.google_api.calendar INFO:google_calendar_events_list call with parameters: page_token = None, sync_token = CKjfoom7hPcCEKjfoom7hPcCGAUgzrWs0QE=
2022-04-08 08:26:23,097 googleapiclient.discovery DEBUG:URL being requested: GET https://www.googleapis.com/calendar/v3/calendars/vlpq1hipcvcop6d87o91qq96v8%40group.calendar.google.com/events?singleEvents=true&syncToken=CKjfoom7hPcCEKjfoom7hPcCGAUgzrWs0QE%3D&alt=json
2022-04-08 08:26:23,224 google_notion_sync.google_api.calendar WARNING:event = {'kind': 'calendar#event', 'etag': '"3298841520148000"', 'id': '3ma9134ntce4llghs4j0lqkbvv_20220405', 'status': 'cancelled', 'recurringEventId': '3ma9134ntce4llghs4j0lqkbvv', 'originalStartTime': {'date': '2022-04-05'}}
2022-04-08 08:26:23,224 google_notion_sync.google_api.calendar WARNING:new event = {'kind': 'calendar#event', 'etag': '"3298841520148000"', 'id': '3ma9134ntce4llghs4j0lqkbvv_20220405', 'status': 'cancelled', 'recurringEventId': '3ma9134ntce4llghs4j0lqkbvv', 'originalStartTime': {'date': '2022-04-05'}, 'calendar': 'vlpq1hipcvcop6d87o91qq96v8@group.calendar.google.com'}
2022-04-08 08:26:23,224 google_notion_sync.google_api.calendar WARNING:event = {'kind': 'calendar#event', 'etag': '"3298841520148000"', 'id': '3ma9134ntce4llghs4j0lqkbvv_20220406', 'status': 'cancelled', 'recurringEventId': '3ma9134ntce4llghs4j0lqkbvv', 'originalStartTime': {'date': '2022-04-06'}}
2022-04-08 08:26:23,224 google_notion_sync.google_api.calendar WARNING:new event = {'kind': 'calendar#event', 'etag': '"3298841520148000"', 'id': '3ma9134ntce4llghs4j0lqkbvv_20220406', 'status': 'cancelled', 'recurringEventId': '3ma9134ntce4llghs4j0lqkbvv', 'originalStartTime': {'date': '2022-04-06'}, 'calendar': 'vlpq1hipcvcop6d87o91qq96v8@group.calendar.google.com'}
2022-04-08 08:26:23,224 google_notion_sync.google_api.calendar WARNING:event = {'kind': 'calendar#event', 'etag': '"3298841520148000"', 'id': '3ma9134ntce4llghs4j0lqkbvv_20220407', 'status': 'cancelled', 'recurringEventId': '3ma9134ntce4llghs4j0lqkbvv', 'originalStartTime': {'date': '2022-04-07'}}
2022-04-08 08:26:23,224 google_notion_sync.google_api.calendar WARNING:new event = {'kind': 'calendar#event', 'etag': '"3298841520148000"', 'id': '3ma9134ntce4llghs4j0lqkbvv_20220407', 'status': 'cancelled', 'recurringEventId': '3ma9134ntce4llghs4j0lqkbvv', 'originalStartTime': {'date': '2022-04-07'}, 'calendar': 'vlpq1hipcvcop6d87o91qq96v8@group.calendar.google.com'}
2022-04-08 08:26:23,224 google_notion_sync.google_api.calendar WARNING:event = {'kind': 'calendar#event', 'etag': '"3298841520148000"', 'id': '3ma9134ntce4llghs4j0lqkbvv_20220408', 'status': 'cancelled', 'recurringEventId': '3ma9134ntce4llghs4j0lqkbvv', 'originalStartTime': {'date': '2022-04-08'}}
2022-04-08 08:26:23,224 google_notion_sync.google_api.calendar WARNING:new event = {'kind': 'calendar#event', 'etag': '"3298841520148000"', 'id': '3ma9134ntce4llghs4j0lqkbvv_20220408', 'status': 'cancelled', 'recurringEventId': '3ma9134ntce4llghs4j0lqkbvv', 'originalStartTime': {'date': '2022-04-08'}, 'calendar': 'vlpq1hipcvcop6d87o91qq96v8@group.calendar.google.com'}
2022-04-08 08:26:23,224 google_notion_sync.google_api.calendar INFO:nextSyncToken=CJCO9ZO7hPcCEJCO9ZO7hPcCGAUgzrWs0QE=
2022-04-08 08:26:23,224 google_notion_sync.google_api.calendar INFO:new sync_tokens={'rof495igi40rd3a94en4ksm38gpn3d2a@import.calendar.google.com': 'CIjFs5n4-PYCEIjFs5n4-PYCGAEgo5b00AE=', 'j.lo1713@gmail.com': 'CJivntyH_vYCEJivntyH_vYCGAUgzrWs0QE=', 'a1rh68hduhekpsaruuovsrsr0g@group.calendar.google.com': 'CMCW1_Gt3fUCEMCW1_Gt3fUCGAUgo5b00AE=', '1gv2m38885js3ka81np9kikhls@group.calendar.google.com': 'CODE7omG3_YCEODE7omG3_YCGAUgo5b00AE=', '4uid021e96ehngt78gtsv36o7s@group.calendar.google.com': 'CPi_08qsgvYCEPi_08qsgvYCGAUgo5b00AE=', 'cru1a1a3n36vsum35ngm8tc4bc@group.calendar.google.com': 'CPD6ksG54fUCEPD6ksG54fUCGAUgo5b00AE=', 'io8uqtbpmoad8s3ufbjphvgdsl06k36i@import.calendar.google.com': 'CIC7kKDzgPcCEIC7kKDzgPcCGAEgo5b00AE=', 'en.canadian#holiday@group.v.calendar.google.com': 'CMCDibve_vYCEJivntyH_vYCGAEgo5b00AE=', '4n663hteqboph92v933barddt6eguot7@import.calendar.google.com': 'CPiMhKOj_PYCEPiMhKOj_PYCGAEgzrWs0QE=', '5che6f166o0idnum7pa9f72sk0uqi5tl@import.calendar.google.com': 'CIDAvLKygfcCEIDAvLKygfcCGAEgo5b00AE=', 'n20guv6u1uho7rhnuvhj25nci91lhpvg@import.calendar.google.com': 'CIjs07P5gfcCEIjs07P5gfcCGAEgzrWs0QE=', '0frjpl08d72hetlk4ci2vioqms@group.calendar.google.com': 'COivwO7JsvYCEOivwO7JsvYCGAEgo5b00AE=', 'vlpq1hipcvcop6d87o91qq96v8@group.calendar.google.com': 'CJCO9ZO7hPcCEJCO9ZO7hPcCGAUgzrWs0QE='}
2022-04-08 08:26:23,225 google_notion_sync.google_api.drive INFO:Uploading file ./google_notion_sync/config/synctoken.json...
2022-04-08 08:26:23,228 googleapiclient.discovery DEBUG:URL being requested: PATCH https://www.googleapis.com/upload/drive/v3/files/1CUnza2pnuMRUMmu6JFgDxYwJqx4HuVQN?alt=json&uploadType=media
2022-04-08 08:26:24,152 __main__ INFO:google_events:[{'kind': 'calendar#event', 'etag': '"3298841520148000"', 'id': '3ma9134ntce4llghs4j0lqkbvv_20220405', 'status': 'cancelled', 'recurringEventId': '3ma9134ntce4llghs4j0lqkbvv', 'originalStartTime': {'date': '2022-04-05'}, 'calendar': 'vlpq1hipcvcop6d87o91qq96v8@group.calendar.google.com'}, {'kind': 'calendar#event', 'etag': '"3298841520148000"', 'id': '3ma9134ntce4llghs4j0lqkbvv_20220406', 'status': 'cancelled', 'recurringEventId': '3ma9134ntce4llghs4j0lqkbvv', 'originalStartTime': {'date': '2022-04-06'}, 'calendar': 'vlpq1hipcvcop6d87o91qq96v8@group.calendar.google.com'}, {'kind': 'calendar#event', 'etag': '"3298841520148000"', 'id': '3ma9134ntce4llghs4j0lqkbvv_20220407', 'status': 'cancelled', 'recurringEventId': '3ma9134ntce4llghs4j0lqkbvv', 'originalStartTime': {'date': '2022-04-07'}, 'calendar': 'vlpq1hipcvcop6d87o91qq96v8@group.calendar.google.com'}, {'kind': 'calendar#event', 'etag': '"3298841520148000"', 'id': '3ma9134ntce4llghs4j0lqkbvv_20220408', 'status': 'cancelled', 'recurringEventId': '3ma9134ntce4llghs4j0lqkbvv', 'originalStartTime': {'date': '2022-04-08'}, 'calendar': 'vlpq1hipcvcop6d87o91qq96v8@group.calendar.google.com'}]
2022-04-08 08:26:24,159 google_notion_sync.classes.event WARNING:google_event no 'created'
2022-04-08 08:26:24,159 google_notion_sync.classes.event WARNING:google_event no 'updated'
2022-04-08 08:26:24,159 google_notion_sync.classes.event WARNING:google_event no 'summary'
2022-04-08 08:26:24,159 google_notion_sync.classes.event WARNING:google_event no 'description'
2022-04-08 08:26:24,159 google_notion_sync.classes.event WARNING:google_event no 'location'
2022-04-08 08:26:24,160 google_notion_sync.classes.event WARNING:google_event no 'recurrence'
2022-04-08 08:26:24,160 google_notion_sync.classes.event WARNING:google_event no 'timeZone'
2022-04-08 08:26:24,160 __main__ WARNING:event = {'kind': 'calendar#event', 'etag': '"3298841520148000"', 'id': '3ma9134ntce4llghs4j0lqkbvv_20220405', 'status': 'cancelled', 'recurringEventId': '3ma9134ntce4llghs4j0lqkbvv', 'originalStartTime': {'date': '2022-04-05'}, 'calendar': 'vlpq1hipcvcop6d87o91qq96v8@group.calendar.google.com'}
2022-04-08 08:26:24,160 __main__ WARNING:ev = {'googleId': '3ma9134ntce4llghs4j0lqkbvv_20220405', 'googleCreated': '', 'googleUpdated': '', 'googleStatus': 'cancelled', 'notionId': '', 'notionCreated': '', 'notionUpdated': '', 'summary': '', 'calendar': 'vlpq1hipcvcop6d87o91qq96v8@group.calendar.google.com', 'description': '', 'location': '', 'start': '', 'end': '', 'allDay': False, 'timeZone': '', 'recurrence': '', 'recurringEventId': '3ma9134ntce4llghs4j0lqkbvv'}
2022-04-08 08:26:24,165 google_notion_sync.classes.event WARNING:google_event no 'created'
2022-04-08 08:26:24,165 google_notion_sync.classes.event WARNING:google_event no 'updated'
2022-04-08 08:26:24,165 google_notion_sync.classes.event WARNING:google_event no 'summary'
2022-04-08 08:26:24,165 google_notion_sync.classes.event WARNING:google_event no 'description'
2022-04-08 08:26:24,166 google_notion_sync.classes.event WARNING:google_event no 'location'
2022-04-08 08:26:24,166 google_notion_sync.classes.event WARNING:google_event no 'recurrence'
2022-04-08 08:26:24,166 google_notion_sync.classes.event WARNING:google_event no 'timeZone'
2022-04-08 08:26:24,166 __main__ WARNING:event = {'kind': 'calendar#event', 'etag': '"3298841520148000"', 'id': '3ma9134ntce4llghs4j0lqkbvv_20220406', 'status': 'cancelled', 'recurringEventId': '3ma9134ntce4llghs4j0lqkbvv', 'originalStartTime': {'date': '2022-04-06'}, 'calendar': 'vlpq1hipcvcop6d87o91qq96v8@group.calendar.google.com'}
2022-04-08 08:26:24,166 __main__ WARNING:ev = {'googleId': '3ma9134ntce4llghs4j0lqkbvv_20220406', 'googleCreated': '', 'googleUpdated': '', 'googleStatus': 'cancelled', 'notionId': '', 'notionCreated': '', 'notionUpdated': '', 'summary': '', 'calendar': 'vlpq1hipcvcop6d87o91qq96v8@group.calendar.google.com', 'description': '', 'location': '', 'start': '', 'end': '', 'allDay': False, 'timeZone': '', 'recurrence': '', 'recurringEventId': '3ma9134ntce4llghs4j0lqkbvv'}
2022-04-08 08:26:24,170 google_notion_sync.classes.event WARNING:google_event no 'created'
2022-04-08 08:26:24,171 google_notion_sync.classes.event WARNING:google_event no 'updated'
2022-04-08 08:26:24,171 google_notion_sync.classes.event WARNING:google_event no 'summary'
2022-04-08 08:26:24,171 google_notion_sync.classes.event WARNING:google_event no 'description'
2022-04-08 08:26:24,171 google_notion_sync.classes.event WARNING:google_event no 'location'
2022-04-08 08:26:24,171 google_notion_sync.classes.event WARNING:google_event no 'recurrence'
2022-04-08 08:26:24,171 google_notion_sync.classes.event WARNING:google_event no 'timeZone'
2022-04-08 08:26:24,171 __main__ WARNING:event = {'kind': 'calendar#event', 'etag': '"3298841520148000"', 'id': '3ma9134ntce4llghs4j0lqkbvv_20220407', 'status': 'cancelled', 'recurringEventId': '3ma9134ntce4llghs4j0lqkbvv', 'originalStartTime': {'date': '2022-04-07'}, 'calendar': 'vlpq1hipcvcop6d87o91qq96v8@group.calendar.google.com'}
2022-04-08 08:26:24,171 __main__ WARNING:ev = {'googleId': '3ma9134ntce4llghs4j0lqkbvv_20220407', 'googleCreated': '', 'googleUpdated': '', 'googleStatus': 'cancelled', 'notionId': '', 'notionCreated': '', 'notionUpdated': '', 'summary': '', 'calendar': 'vlpq1hipcvcop6d87o91qq96v8@group.calendar.google.com', 'description': '', 'location': '', 'start': '', 'end': '', 'allDay': False, 'timeZone': '', 'recurrence': '', 'recurringEventId': '3ma9134ntce4llghs4j0lqkbvv'}
2022-04-08 08:26:24,176 google_notion_sync.classes.event WARNING:google_event no 'created'
2022-04-08 08:26:24,176 google_notion_sync.classes.event WARNING:google_event no 'updated'
2022-04-08 08:26:24,176 google_notion_sync.classes.event WARNING:google_event no 'summary'
2022-04-08 08:26:24,176 google_notion_sync.classes.event WARNING:google_event no 'description'
2022-04-08 08:26:24,176 google_notion_sync.classes.event WARNING:google_event no 'location'
2022-04-08 08:26:24,176 google_notion_sync.classes.event WARNING:google_event no 'recurrence'
2022-04-08 08:26:24,176 google_notion_sync.classes.event WARNING:google_event no 'timeZone'
2022-04-08 08:26:24,176 __main__ WARNING:event = {'kind': 'calendar#event', 'etag': '"3298841520148000"', 'id': '3ma9134ntce4llghs4j0lqkbvv_20220408', 'status': 'cancelled', 'recurringEventId': '3ma9134ntce4llghs4j0lqkbvv', 'originalStartTime': {'date': '2022-04-08'}, 'calendar': 'vlpq1hipcvcop6d87o91qq96v8@group.calendar.google.com'}
2022-04-08 08:26:24,176 __main__ WARNING:ev = {'googleId': '3ma9134ntce4llghs4j0lqkbvv_20220408', 'googleCreated': '', 'googleUpdated': '', 'googleStatus': 'cancelled', 'notionId': '', 'notionCreated': '', 'notionUpdated': '', 'summary': '', 'calendar': 'vlpq1hipcvcop6d87o91qq96v8@group.calendar.google.com', 'description': '', 'location': '', 'start': '', 'end': '', 'allDay': False, 'timeZone': '', 'recurrence': '', 'recurringEventId': '3ma9134ntce4llghs4j0lqkbvv'}
