2022-04-05 19:16:44,582 __main__ INFO:NEW EXECUTION
2022-04-05 19:16:44,587 googleapiclient.discovery_cache INFO:file_cache is only supported with oauth2client<4.0.0
2022-04-05 19:16:44,589 googleapiclient.discovery_cache INFO:file_cache is only supported with oauth2client<4.0.0
2022-04-05 19:16:44,592 googleapiclient.discovery DEBUG:URL being requested: GET https://www.googleapis.com/calendar/v3/users/me/calendarList?alt=json
2022-04-05 19:16:44,828 __main__ INFO:[{'id': 'vlpq1hipcvcop6d87o91qq96v8@group.calendar.google.com', 'summary': 'Trial'}, {'id': 'j.lo1713@gmail.com', 'summary': "Jason's Work Calendar"}, {'id': 'a1rh68hduhekpsaruuovsrsr0g@group.calendar.google.com', 'summary': "Jason's Church Calendar"}, {'id': '1gv2m38885js3ka81np9kikhls@group.calendar.google.com', 'summary': "Jason's Personal Calendar"}, {'id': '4uid021e96ehngt78gtsv36o7s@group.calendar.google.com', 'summary': "Joshua's Schedule"}, {'id': 'cru1a1a3n36vsum35ngm8tc4bc@group.calendar.google.com', 'summary': "Sarah's Schedule"}, {'id': 'io8uqtbpmoad8s3ufbjphvgdsl06k36i@import.calendar.google.com', 'summary': '15U Boys Markham Unity NEW'}, {'id': 'en.canadian#holiday@group.v.calendar.google.com', 'summary': 'Holidays in Canada'}, {'id': '4n663hteqboph92v933barddt6eguot7@import.calendar.google.com', 'summary': '181 Angus Glen Blvd, Markham'}, {'id': '5che6f166o0idnum7pa9f72sk0uqi5tl@import.calendar.google.com', 'summary': 'U13 DS-SMGH'}, {'id': 'n20guv6u1uho7rhnuvhj25nci91lhpvg@import.calendar.google.com', 'summary': 'http://www.ycdsb.ca/?plugin=all-in-one-event-calendar&controller=ai1ec_exporter_controller&action=export_events&no_html=true&ai1ec_cat_ids=5&&'}, {'id': '0frjpl08d72hetlk4ci2vioqms@group.calendar.google.com', 'summary': 'YRDSB Elementary Calendar'}]
2022-04-05 19:16:44,829 google_notion_sync.google_api.calendar WARNING:google_calendar_sync_events_list
2022-04-05 19:16:44,842 googleapiclient.discovery DEBUG:URL being requested: GET https://www.googleapis.com/drive/v3/files/1CUnza2pnuMRUMmu6JFgDxYwJqx4HuVQN?alt=media
2022-04-05 19:16:45,351 google_notion_sync.google_api.drive INFO:Download 100%.
2022-04-05 19:16:45,352 google_notion_sync.google_api.calendar INFO:sync_tokens: {'vlpq1hipcvcop6d87o91qq96v8@group.calendar.google.com': 'CNCe_NKG_vYCENCe_NKG_vYCGAUgo5b00AE=', 'j.lo1713@gmail.com': 'CKDxn7q_-PYCEKDxn7q_-PYCGAUgo5b00AE=', 'a1rh68hduhekpsaruuovsrsr0g@group.calendar.google.com': 'CMCW1_Gt3fUCEMCW1_Gt3fUCGAUgl5aF0QE=', '1gv2m38885js3ka81np9kikhls@group.calendar.google.com': 'CODE7omG3_YCEODE7omG3_YCGAUgo5b00AE=', '4uid021e96ehngt78gtsv36o7s@group.calendar.google.com': 'CPi_08qsgvYCEPi_08qsgvYCGAUgo5b00AE=', 'cru1a1a3n36vsum35ngm8tc4bc@group.calendar.google.com': 'CPD6ksG54fUCEPD6ksG54fUCGAUgo5b00AE=', 'io8uqtbpmoad8s3ufbjphvgdsl06k36i@import.calendar.google.com': 'CKi5jOWI-PYCEKi5jOWI-PYCGAEgo5b00AE=', 'en.canadian#holiday@group.v.calendar.google.com': 'CIDB9raP9vYCEKDxn7q_-PYCGAEgo5b00AE=', '4n663hteqboph92v933barddt6eguot7@import.calendar.google.com': 'CIj9wZim-PYCEIj9wZim-PYCGAEgo5b00AE=', 'rof495igi40rd3a94en4ksm38gpn3d2a@import.calendar.google.com': 'CIjFs5n4-PYCEIjFs5n4-PYCGAEgo5b00AE=', '5che6f166o0idnum7pa9f72sk0uqi5tl@import.calendar.google.com': 'CJDipZvw-PYCEJDipZvw-PYCGAEgo5b00AE=', 'n20guv6u1uho7rhnuvhj25nci91lhpvg@import.calendar.google.com': 'CPjqjIyE-PYCEPjqjIyE-PYCGAEgo5b00AE=', '0frjpl08d72hetlk4ci2vioqms@group.calendar.google.com': 'COivwO7JsvYCEOivwO7JsvYCGAEgo5b00AE='}
2022-04-05 19:16:45,352 google_notion_sync.google_api.calendar INFO:not resync
2022-04-05 19:16:45,352 google_notion_sync.google_api.calendar INFO:Performing incremental sync.
2022-04-05 19:16:45,352 google_notion_sync.google_api.calendar INFO:google_calendar_events_list call with parameters: page_token = None, sync_token = CNCe_NKG_vYCENCe_NKG_vYCGAUgo5b00AE=
2022-04-05 19:16:45,360 googleapiclient.discovery DEBUG:URL being requested: GET https://www.googleapis.com/calendar/v3/calendars/vlpq1hipcvcop6d87o91qq96v8%40group.calendar.google.com/events?singleEvents=true&syncToken=CNCe_NKG_vYCENCe_NKG_vYCGAUgo5b00AE%3D&alt=json
2022-04-05 19:16:45,513 google_notion_sync.google_api.calendar WARNING:event = {'kind': 'calendar#event', 'etag': '"3298401142796000"', 'id': '5ro08k30ms1tdle4ai3d8f8m41_20220403T183000Z', 'status': 'cancelled', 'recurringEventId': '5ro08k30ms1tdle4ai3d8f8m41', 'originalStartTime': {'dateTime': '2022-04-03T14:30:00-04:00', 'timeZone': 'America/Toronto'}}
2022-04-05 19:16:45,513 google_notion_sync.google_api.calendar WARNING:new event = {'kind': 'calendar#event', 'etag': '"3298401142796000"', 'id': '5ro08k30ms1tdle4ai3d8f8m41_20220403T183000Z', 'status': 'cancelled', 'recurringEventId': '5ro08k30ms1tdle4ai3d8f8m41', 'originalStartTime': {'dateTime': '2022-04-03T14:30:00-04:00', 'timeZone': 'America/Toronto'}, 'calendar': 'vlpq1hipcvcop6d87o91qq96v8@group.calendar.google.com'}
2022-04-05 19:16:45,513 google_notion_sync.google_api.calendar WARNING:event = {'kind': 'calendar#event', 'etag': '"3298401142796000"', 'id': '5ro08k30ms1tdle4ai3d8f8m41_20220404T183000Z', 'status': 'cancelled', 'recurringEventId': '5ro08k30ms1tdle4ai3d8f8m41', 'originalStartTime': {'dateTime': '2022-04-04T14:30:00-04:00', 'timeZone': 'America/Toronto'}}
2022-04-05 19:16:45,513 google_notion_sync.google_api.calendar WARNING:new event = {'kind': 'calendar#event', 'etag': '"3298401142796000"', 'id': '5ro08k30ms1tdle4ai3d8f8m41_20220404T183000Z', 'status': 'cancelled', 'recurringEventId': '5ro08k30ms1tdle4ai3d8f8m41', 'originalStartTime': {'dateTime': '2022-04-04T14:30:00-04:00', 'timeZone': 'America/Toronto'}, 'calendar': 'vlpq1hipcvcop6d87o91qq96v8@group.calendar.google.com'}
2022-04-05 19:16:45,513 google_notion_sync.google_api.calendar WARNING:event = {'kind': 'calendar#event', 'etag': '"3298401142796000"', 'id': '5ro08k30ms1tdle4ai3d8f8m41_20220405T183000Z', 'status': 'cancelled', 'recurringEventId': '5ro08k30ms1tdle4ai3d8f8m41', 'originalStartTime': {'dateTime': '2022-04-05T14:30:00-04:00', 'timeZone': 'America/Toronto'}}
2022-04-05 19:16:45,514 google_notion_sync.google_api.calendar WARNING:new event = {'kind': 'calendar#event', 'etag': '"3298401142796000"', 'id': '5ro08k30ms1tdle4ai3d8f8m41_20220405T183000Z', 'status': 'cancelled', 'recurringEventId': '5ro08k30ms1tdle4ai3d8f8m41', 'originalStartTime': {'dateTime': '2022-04-05T14:30:00-04:00', 'timeZone': 'America/Toronto'}, 'calendar': 'vlpq1hipcvcop6d87o91qq96v8@group.calendar.google.com'}
2022-04-05 19:16:45,514 google_notion_sync.google_api.calendar WARNING:event = {'kind': 'calendar#event', 'etag': '"3298401142796000"', 'id': '5ro08k30ms1tdle4ai3d8f8m41_20220406T183000Z', 'status': 'cancelled', 'recurringEventId': '5ro08k30ms1tdle4ai3d8f8m41', 'originalStartTime': {'dateTime': '2022-04-06T14:30:00-04:00', 'timeZone': 'America/Toronto'}}
2022-04-05 19:16:45,514 google_notion_sync.google_api.calendar WARNING:new event = {'kind': 'calendar#event', 'etag': '"3298401142796000"', 'id': '5ro08k30ms1tdle4ai3d8f8m41_20220406T183000Z', 'status': 'cancelled', 'recurringEventId': '5ro08k30ms1tdle4ai3d8f8m41', 'originalStartTime': {'dateTime': '2022-04-06T14:30:00-04:00', 'timeZone': 'America/Toronto'}, 'calendar': 'vlpq1hipcvcop6d87o91qq96v8@group.calendar.google.com'}
2022-04-05 19:16:45,514 google_notion_sync.google_api.calendar WARNING:event = {'kind': 'calendar#event', 'etag': '"3298401142796000"', 'id': '5ro08k30ms1tdle4ai3d8f8m41_20220409T183000Z', 'status': 'cancelled', 'recurringEventId': '5ro08k30ms1tdle4ai3d8f8m41', 'originalStartTime': {'dateTime': '2022-04-09T14:30:00-04:00', 'timeZone': 'America/Toronto'}}
2022-04-05 19:16:45,514 google_notion_sync.google_api.calendar WARNING:new event = {'kind': 'calendar#event', 'etag': '"3298401142796000"', 'id': '5ro08k30ms1tdle4ai3d8f8m41_20220409T183000Z', 'status': 'cancelled', 'recurringEventId': '5ro08k30ms1tdle4ai3d8f8m41', 'originalStartTime': {'dateTime': '2022-04-09T14:30:00-04:00', 'timeZone': 'America/Toronto'}, 'calendar': 'vlpq1hipcvcop6d87o91qq96v8@group.calendar.google.com'}
2022-04-05 19:16:45,514 google_notion_sync.google_api.calendar WARNING:event = {'kind': 'calendar#event', 'etag': '"3298401142796000"', 'id': '5ro08k30ms1tdle4ai3d8f8m41_20220407T183000Z', 'status': 'cancelled', 'recurringEventId': '5ro08k30ms1tdle4ai3d8f8m41', 'originalStartTime': {'dateTime': '2022-04-07T14:30:00-04:00', 'timeZone': 'America/Toronto'}}
2022-04-05 19:16:45,514 google_notion_sync.google_api.calendar WARNING:new event = {'kind': 'calendar#event', 'etag': '"3298401142796000"', 'id': '5ro08k30ms1tdle4ai3d8f8m41_20220407T183000Z', 'status': 'cancelled', 'recurringEventId': '5ro08k30ms1tdle4ai3d8f8m41', 'originalStartTime': {'dateTime': '2022-04-07T14:30:00-04:00', 'timeZone': 'America/Toronto'}, 'calendar': 'vlpq1hipcvcop6d87o91qq96v8@group.calendar.google.com'}
2022-04-05 19:16:45,514 google_notion_sync.google_api.calendar WARNING:event = {'kind': 'calendar#event', 'etag': '"3298401142796000"', 'id': '5ro08k30ms1tdle4ai3d8f8m41_20220408T183000Z', 'status': 'cancelled', 'recurringEventId': '5ro08k30ms1tdle4ai3d8f8m41', 'originalStartTime': {'dateTime': '2022-04-08T14:30:00-04:00', 'timeZone': 'America/Toronto'}}
2022-04-05 19:16:45,514 google_notion_sync.google_api.calendar WARNING:new event = {'kind': 'calendar#event', 'etag': '"3298401142796000"', 'id': '5ro08k30ms1tdle4ai3d8f8m41_20220408T183000Z', 'status': 'cancelled', 'recurringEventId': '5ro08k30ms1tdle4ai3d8f8m41', 'originalStartTime': {'dateTime': '2022-04-08T14:30:00-04:00', 'timeZone': 'America/Toronto'}, 'calendar': 'vlpq1hipcvcop6d87o91qq96v8@group.calendar.google.com'}
2022-04-05 19:16:45,514 google_notion_sync.google_api.calendar INFO:nextSyncToken=CPDu4vGG_vYCEPDu4vGG_vYCGAUgo5b00AE=
2022-04-05 19:16:45,515 google_notion_sync.google_api.calendar INFO:new sync_tokens={'vlpq1hipcvcop6d87o91qq96v8@group.calendar.google.com': 'CPDu4vGG_vYCEPDu4vGG_vYCGAUgo5b00AE=', 'j.lo1713@gmail.com': 'CKDxn7q_-PYCEKDxn7q_-PYCGAUgo5b00AE=', 'a1rh68hduhekpsaruuovsrsr0g@group.calendar.google.com': 'CMCW1_Gt3fUCEMCW1_Gt3fUCGAUgl5aF0QE=', '1gv2m38885js3ka81np9kikhls@group.calendar.google.com': 'CODE7omG3_YCEODE7omG3_YCGAUgo5b00AE=', '4uid021e96ehngt78gtsv36o7s@group.calendar.google.com': 'CPi_08qsgvYCEPi_08qsgvYCGAUgo5b00AE=', 'cru1a1a3n36vsum35ngm8tc4bc@group.calendar.google.com': 'CPD6ksG54fUCEPD6ksG54fUCGAUgo5b00AE=', 'io8uqtbpmoad8s3ufbjphvgdsl06k36i@import.calendar.google.com': 'CKi5jOWI-PYCEKi5jOWI-PYCGAEgo5b00AE=', 'en.canadian#holiday@group.v.calendar.google.com': 'CIDB9raP9vYCEKDxn7q_-PYCGAEgo5b00AE=', '4n663hteqboph92v933barddt6eguot7@import.calendar.google.com': 'CIj9wZim-PYCEIj9wZim-PYCGAEgo5b00AE=', 'rof495igi40rd3a94en4ksm38gpn3d2a@import.calendar.google.com': 'CIjFs5n4-PYCEIjFs5n4-PYCGAEgo5b00AE=', '5che6f166o0idnum7pa9f72sk0uqi5tl@import.calendar.google.com': 'CJDipZvw-PYCEJDipZvw-PYCGAEgo5b00AE=', 'n20guv6u1uho7rhnuvhj25nci91lhpvg@import.calendar.google.com': 'CPjqjIyE-PYCEPjqjIyE-PYCGAEgo5b00AE=', '0frjpl08d72hetlk4ci2vioqms@group.calendar.google.com': 'COivwO7JsvYCEOivwO7JsvYCGAEgo5b00AE='}
2022-04-05 19:16:45,516 google_notion_sync.google_api.drive INFO:Uploading file ./google_notion_sync/config/synctoken.json...
2022-04-05 19:16:45,524 googleapiclient.discovery DEBUG:URL being requested: PATCH https://www.googleapis.com/upload/drive/v3/files/1CUnza2pnuMRUMmu6JFgDxYwJqx4HuVQN?alt=json&uploadType=media
2022-04-05 19:16:46,557 __main__ INFO:google_events:[{'kind': 'calendar#event', 'etag': '"3298401142796000"', 'id': '5ro08k30ms1tdle4ai3d8f8m41_20220403T183000Z', 'status': 'cancelled', 'recurringEventId': '5ro08k30ms1tdle4ai3d8f8m41', 'originalStartTime': {'dateTime': '2022-04-03T14:30:00-04:00', 'timeZone': 'America/Toronto'}, 'calendar': 'vlpq1hipcvcop6d87o91qq96v8@group.calendar.google.com'}, {'kind': 'calendar#event', 'etag': '"3298401142796000"', 'id': '5ro08k30ms1tdle4ai3d8f8m41_20220404T183000Z', 'status': 'cancelled', 'recurringEventId': '5ro08k30ms1tdle4ai3d8f8m41', 'originalStartTime': {'dateTime': '2022-04-04T14:30:00-04:00', 'timeZone': 'America/Toronto'}, 'calendar': 'vlpq1hipcvcop6d87o91qq96v8@group.calendar.google.com'}, {'kind': 'calendar#event', 'etag': '"3298401142796000"', 'id': '5ro08k30ms1tdle4ai3d8f8m41_20220405T183000Z', 'status': 'cancelled', 'recurringEventId': '5ro08k30ms1tdle4ai3d8f8m41', 'originalStartTime': {'dateTime': '2022-04-05T14:30:00-04:00', 'timeZone': 'America/Toronto'}, 'calendar': 'vlpq1hipcvcop6d87o91qq96v8@group.calendar.google.com'}, {'kind': 'calendar#event', 'etag': '"3298401142796000"', 'id': '5ro08k30ms1tdle4ai3d8f8m41_20220406T183000Z', 'status': 'cancelled', 'recurringEventId': '5ro08k30ms1tdle4ai3d8f8m41', 'originalStartTime': {'dateTime': '2022-04-06T14:30:00-04:00', 'timeZone': 'America/Toronto'}, 'calendar': 'vlpq1hipcvcop6d87o91qq96v8@group.calendar.google.com'}, {'kind': 'calendar#event', 'etag': '"3298401142796000"', 'id': '5ro08k30ms1tdle4ai3d8f8m41_20220409T183000Z', 'status': 'cancelled', 'recurringEventId': '5ro08k30ms1tdle4ai3d8f8m41', 'originalStartTime': {'dateTime': '2022-04-09T14:30:00-04:00', 'timeZone': 'America/Toronto'}, 'calendar': 'vlpq1hipcvcop6d87o91qq96v8@group.calendar.google.com'}, {'kind': 'calendar#event', 'etag': '"3298401142796000"', 'id': '5ro08k30ms1tdle4ai3d8f8m41_20220407T183000Z', 'status': 'cancelled', 'recurringEventId': '5ro08k30ms1tdle4ai3d8f8m41', 'originalStartTime': {'dateTime': '2022-04-07T14:30:00-04:00', 'timeZone': 'America/Toronto'}, 'calendar': 'vlpq1hipcvcop6d87o91qq96v8@group.calendar.google.com'}, {'kind': 'calendar#event', 'etag': '"3298401142796000"', 'id': '5ro08k30ms1tdle4ai3d8f8m41_20220408T183000Z', 'status': 'cancelled', 'recurringEventId': '5ro08k30ms1tdle4ai3d8f8m41', 'originalStartTime': {'dateTime': '2022-04-08T14:30:00-04:00', 'timeZone': 'America/Toronto'}, 'calendar': 'vlpq1hipcvcop6d87o91qq96v8@group.calendar.google.com'}]
2022-04-05 19:16:46,559 google_notion_sync.classes.event WARNING:google_event no 'created'
2022-04-05 19:16:46,559 google_notion_sync.classes.event WARNING:google_event no 'updated'
2022-04-05 19:16:46,559 google_notion_sync.classes.event WARNING:google_event no 'summary'
2022-04-05 19:16:46,559 google_notion_sync.classes.event WARNING:google_event no 'description'
2022-04-05 19:16:46,559 google_notion_sync.classes.event WARNING:google_event no 'location'
2022-04-05 19:16:46,559 google_notion_sync.classes.event WARNING:google_event no 'recurrence'
2022-04-05 19:16:46,559 google_notion_sync.classes.event WARNING:google_event no 'timeZone'
2022-04-05 19:16:46,559 __main__ WARNING:event = {'kind': 'calendar#event', 'etag': '"3298401142796000"', 'id': '5ro08k30ms1tdle4ai3d8f8m41_20220403T183000Z', 'status': 'cancelled', 'recurringEventId': '5ro08k30ms1tdle4ai3d8f8m41', 'originalStartTime': {'dateTime': '2022-04-03T14:30:00-04:00', 'timeZone': 'America/Toronto'}, 'calendar': 'vlpq1hipcvcop6d87o91qq96v8@group.calendar.google.com'}
2022-04-05 19:16:46,559 __main__ WARNING:ev = {'googleId': '5ro08k30ms1tdle4ai3d8f8m41_20220403T183000Z', 'googleCreated': '', 'googleUpdated': '', 'googleStatus': 'cancelled', 'notionId': '', 'notionCreated': '', 'notionUpdated': '', 'summary': '', 'calendar': 'vlpq1hipcvcop6d87o91qq96v8@group.calendar.google.com', 'description': '', 'location': '', 'start': '', 'end': '', 'allDay': False, 'timeZone': '', 'recurrence': '', 'recurringEventId': '5ro08k30ms1tdle4ai3d8f8m41'}
2022-04-05 19:16:46,561 google_notion_sync.classes.event WARNING:google_event no 'created'
2022-04-05 19:16:46,561 google_notion_sync.classes.event WARNING:google_event no 'updated'
2022-04-05 19:16:46,561 google_notion_sync.classes.event WARNING:google_event no 'summary'
2022-04-05 19:16:46,561 google_notion_sync.classes.event WARNING:google_event no 'description'
2022-04-05 19:16:46,561 google_notion_sync.classes.event WARNING:google_event no 'location'
2022-04-05 19:16:46,561 google_notion_sync.classes.event WARNING:google_event no 'recurrence'
2022-04-05 19:16:46,561 google_notion_sync.classes.event WARNING:google_event no 'timeZone'
2022-04-05 19:16:46,561 __main__ WARNING:event = {'kind': 'calendar#event', 'etag': '"3298401142796000"', 'id': '5ro08k30ms1tdle4ai3d8f8m41_20220404T183000Z', 'status': 'cancelled', 'recurringEventId': '5ro08k30ms1tdle4ai3d8f8m41', 'originalStartTime': {'dateTime': '2022-04-04T14:30:00-04:00', 'timeZone': 'America/Toronto'}, 'calendar': 'vlpq1hipcvcop6d87o91qq96v8@group.calendar.google.com'}
2022-04-05 19:16:46,561 __main__ WARNING:ev = {'googleId': '5ro08k30ms1tdle4ai3d8f8m41_20220404T183000Z', 'googleCreated': '', 'googleUpdated': '', 'googleStatus': 'cancelled', 'notionId': '', 'notionCreated': '', 'notionUpdated': '', 'summary': '', 'calendar': 'vlpq1hipcvcop6d87o91qq96v8@group.calendar.google.com', 'description': '', 'location': '', 'start': '', 'end': '', 'allDay': False, 'timeZone': '', 'recurrence': '', 'recurringEventId': '5ro08k30ms1tdle4ai3d8f8m41'}
2022-04-05 19:16:46,562 google_notion_sync.classes.event WARNING:google_event no 'created'
2022-04-05 19:16:46,562 google_notion_sync.classes.event WARNING:google_event no 'updated'
2022-04-05 19:16:46,562 google_notion_sync.classes.event WARNING:google_event no 'summary'
2022-04-05 19:16:46,562 google_notion_sync.classes.event WARNING:google_event no 'description'
2022-04-05 19:16:46,562 google_notion_sync.classes.event WARNING:google_event no 'location'
2022-04-05 19:16:46,563 google_notion_sync.classes.event WARNING:google_event no 'recurrence'
2022-04-05 19:16:46,563 google_notion_sync.classes.event WARNING:google_event no 'timeZone'
2022-04-05 19:16:46,563 __main__ WARNING:event = {'kind': 'calendar#event', 'etag': '"3298401142796000"', 'id': '5ro08k30ms1tdle4ai3d8f8m41_20220405T183000Z', 'status': 'cancelled', 'recurringEventId': '5ro08k30ms1tdle4ai3d8f8m41', 'originalStartTime': {'dateTime': '2022-04-05T14:30:00-04:00', 'timeZone': 'America/Toronto'}, 'calendar': 'vlpq1hipcvcop6d87o91qq96v8@group.calendar.google.com'}
2022-04-05 19:16:46,563 __main__ WARNING:ev = {'googleId': '5ro08k30ms1tdle4ai3d8f8m41_20220405T183000Z', 'googleCreated': '', 'googleUpdated': '', 'googleStatus': 'cancelled', 'notionId': '', 'notionCreated': '', 'notionUpdated': '', 'summary': '', 'calendar': 'vlpq1hipcvcop6d87o91qq96v8@group.calendar.google.com', 'description': '', 'location': '', 'start': '', 'end': '', 'allDay': False, 'timeZone': '', 'recurrence': '', 'recurringEventId': '5ro08k30ms1tdle4ai3d8f8m41'}
2022-04-05 19:16:46,564 google_notion_sync.classes.event WARNING:google_event no 'created'
2022-04-05 19:16:46,564 google_notion_sync.classes.event WARNING:google_event no 'updated'
2022-04-05 19:16:46,564 google_notion_sync.classes.event WARNING:google_event no 'summary'
2022-04-05 19:16:46,564 google_notion_sync.classes.event WARNING:google_event no 'description'
2022-04-05 19:16:46,564 google_notion_sync.classes.event WARNING:google_event no 'location'
2022-04-05 19:16:46,564 google_notion_sync.classes.event WARNING:google_event no 'recurrence'
2022-04-05 19:16:46,564 google_notion_sync.classes.event WARNING:google_event no 'timeZone'
2022-04-05 19:16:46,564 __main__ WARNING:event = {'kind': 'calendar#event', 'etag': '"3298401142796000"', 'id': '5ro08k30ms1tdle4ai3d8f8m41_20220406T183000Z', 'status': 'cancelled', 'recurringEventId': '5ro08k30ms1tdle4ai3d8f8m41', 'originalStartTime': {'dateTime': '2022-04-06T14:30:00-04:00', 'timeZone': 'America/Toronto'}, 'calendar': 'vlpq1hipcvcop6d87o91qq96v8@group.calendar.google.com'}
2022-04-05 19:16:46,564 __main__ WARNING:ev = {'googleId': '5ro08k30ms1tdle4ai3d8f8m41_20220406T183000Z', 'googleCreated': '', 'googleUpdated': '', 'googleStatus': 'cancelled', 'notionId': '', 'notionCreated': '', 'notionUpdated': '', 'summary': '', 'calendar': 'vlpq1hipcvcop6d87o91qq96v8@group.calendar.google.com', 'description': '', 'location': '', 'start': '', 'end': '', 'allDay': False, 'timeZone': '', 'recurrence': '', 'recurringEventId': '5ro08k30ms1tdle4ai3d8f8m41'}
2022-04-05 19:16:46,566 google_notion_sync.classes.event WARNING:google_event no 'created'
2022-04-05 19:16:46,566 google_notion_sync.classes.event WARNING:google_event no 'updated'
2022-04-05 19:16:46,566 google_notion_sync.classes.event WARNING:google_event no 'summary'
2022-04-05 19:16:46,566 google_notion_sync.classes.event WARNING:google_event no 'description'
2022-04-05 19:16:46,566 google_notion_sync.classes.event WARNING:google_event no 'location'
2022-04-05 19:16:46,566 google_notion_sync.classes.event WARNING:google_event no 'recurrence'
2022-04-05 19:16:46,566 google_notion_sync.classes.event WARNING:google_event no 'timeZone'
2022-04-05 19:16:46,566 __main__ WARNING:event = {'kind': 'calendar#event', 'etag': '"3298401142796000"', 'id': '5ro08k30ms1tdle4ai3d8f8m41_20220409T183000Z', 'status': 'cancelled', 'recurringEventId': '5ro08k30ms1tdle4ai3d8f8m41', 'originalStartTime': {'dateTime': '2022-04-09T14:30:00-04:00', 'timeZone': 'America/Toronto'}, 'calendar': 'vlpq1hipcvcop6d87o91qq96v8@group.calendar.google.com'}
2022-04-05 19:16:46,566 __main__ WARNING:ev = {'googleId': '5ro08k30ms1tdle4ai3d8f8m41_20220409T183000Z', 'googleCreated': '', 'googleUpdated': '', 'googleStatus': 'cancelled', 'notionId': '', 'notionCreated': '', 'notionUpdated': '', 'summary': '', 'calendar': 'vlpq1hipcvcop6d87o91qq96v8@group.calendar.google.com', 'description': '', 'location': '', 'start': '', 'end': '', 'allDay': False, 'timeZone': '', 'recurrence': '', 'recurringEventId': '5ro08k30ms1tdle4ai3d8f8m41'}
2022-04-05 19:16:46,567 google_notion_sync.classes.event WARNING:google_event no 'created'
2022-04-05 19:16:46,567 google_notion_sync.classes.event WARNING:google_event no 'updated'
2022-04-05 19:16:46,567 google_notion_sync.classes.event WARNING:google_event no 'summary'
2022-04-05 19:16:46,567 google_notion_sync.classes.event WARNING:google_event no 'description'
2022-04-05 19:16:46,567 google_notion_sync.classes.event WARNING:google_event no 'location'
2022-04-05 19:16:46,568 google_notion_sync.classes.event WARNING:google_event no 'recurrence'
2022-04-05 19:16:46,568 google_notion_sync.classes.event WARNING:google_event no 'timeZone'
2022-04-05 19:16:46,568 __main__ WARNING:event = {'kind': 'calendar#event', 'etag': '"3298401142796000"', 'id': '5ro08k30ms1tdle4ai3d8f8m41_20220407T183000Z', 'status': 'cancelled', 'recurringEventId': '5ro08k30ms1tdle4ai3d8f8m41', 'originalStartTime': {'dateTime': '2022-04-07T14:30:00-04:00', 'timeZone': 'America/Toronto'}, 'calendar': 'vlpq1hipcvcop6d87o91qq96v8@group.calendar.google.com'}
2022-04-05 19:16:46,568 __main__ WARNING:ev = {'googleId': '5ro08k30ms1tdle4ai3d8f8m41_20220407T183000Z', 'googleCreated': '', 'googleUpdated': '', 'googleStatus': 'cancelled', 'notionId': '', 'notionCreated': '', 'notionUpdated': '', 'summary': '', 'calendar': 'vlpq1hipcvcop6d87o91qq96v8@group.calendar.google.com', 'description': '', 'location': '', 'start': '', 'end': '', 'allDay': False, 'timeZone': '', 'recurrence': '', 'recurringEventId': '5ro08k30ms1tdle4ai3d8f8m41'}
2022-04-05 19:16:46,569 google_notion_sync.classes.event WARNING:google_event no 'created'
2022-04-05 19:16:46,569 google_notion_sync.classes.event WARNING:google_event no 'updated'
2022-04-05 19:16:46,569 google_notion_sync.classes.event WARNING:google_event no 'summary'
2022-04-05 19:16:46,569 google_notion_sync.classes.event WARNING:google_event no 'description'
2022-04-05 19:16:46,569 google_notion_sync.classes.event WARNING:google_event no 'location'
2022-04-05 19:16:46,569 google_notion_sync.classes.event WARNING:google_event no 'recurrence'
2022-04-05 19:16:46,569 google_notion_sync.classes.event WARNING:google_event no 'timeZone'
2022-04-05 19:16:46,569 __main__ WARNING:event = {'kind': 'calendar#event', 'etag': '"3298401142796000"', 'id': '5ro08k30ms1tdle4ai3d8f8m41_20220408T183000Z', 'status': 'cancelled', 'recurringEventId': '5ro08k30ms1tdle4ai3d8f8m41', 'originalStartTime': {'dateTime': '2022-04-08T14:30:00-04:00', 'timeZone': 'America/Toronto'}, 'calendar': 'vlpq1hipcvcop6d87o91qq96v8@group.calendar.google.com'}
2022-04-05 19:16:46,569 __main__ WARNING:ev = {'googleId': '5ro08k30ms1tdle4ai3d8f8m41_20220408T183000Z', 'googleCreated': '', 'googleUpdated': '', 'googleStatus': 'cancelled', 'notionId': '', 'notionCreated': '', 'notionUpdated': '', 'summary': '', 'calendar': 'vlpq1hipcvcop6d87o91qq96v8@group.calendar.google.com', 'description': '', 'location': '', 'start': '', 'end': '', 'allDay': False, 'timeZone': '', 'recurrence': '', 'recurringEventId': '5ro08k30ms1tdle4ai3d8f8m41'}
